<?xml version="1.0" encoding="UTF-8" ?>
<testsuite errors="0" failures="0" hostname="fedora" name="test.ValidadorPorSalonTest" skipped="0" tests="6" time="0.225" timestamp="2025-11-18T14:23:14">
  <properties>
[...]
</properties>
  <testcase classname="test.ValidadorPorSalonTest" name="testDiferenteSalonMismoDiaValido" time="0.057" />
  <testcase classname="test.ValidadorPorSalonTest" name="testMismoSalonMismoDiaHorariosNoSolapadosValido" time="0.003" />
  <testcase classname="test.ValidadorPorSalonTest" name="testMismoSalonDiferenteDiaValido" time="0.002" />
  <testcase classname="test.ValidadorPorSalonTest" name="testGetTipoConflictoSalon" time="0.003" />
  <testcase classname="test.ValidadorPorSalonTest" name="testGetTipoConflictoSinConflicto" time="0.002" />
  <testcase classname="test.ValidadorPorSalonTest" name="testMismoSalonMismoDiaHorariosSolapadosInvalido" time="0.003" />
  <system-out><![CDATA[]]></system-out>
  <system-err><![CDATA[]]></system-err>
</testsuite>
