<?xml version="1.0" encoding="UTF-8" ?>
<testsuite errors="0" failures="0" hostname="fedora" name="test.CatalogoRecursosTest" skipped="0" tests="11" time="0.257" timestamp="2025-11-18T14:23:12">
  <properties>
[...]
</properties>
  <testcase classname="test.CatalogoRecursosTest" name="testSingletonInstance" time="0.04" />
  <testcase classname="test.CatalogoRecursosTest" name="testAddAndGetGrupo" time="0.002" />
  <testcase classname="test.CatalogoRecursosTest" name="testAddAndGetSalon" time="0.002" />
  <testcase classname="test.CatalogoRecursosTest" name="testFindByNameNotFound" time="0.005" />
  <testcase classname="test.CatalogoRecursosTest" name="testReset" time="0.003" />
  <testcase classname="test.CatalogoRecursosTest" name="testAddAndGetProfesor" time="0.002" />
  <testcase classname="test.CatalogoRecursosTest" name="testFindByName" time="0.005" />
  <testcase classname="test.CatalogoRecursosTest" name="testAsignacionGeneraBloques" time="0.018" />
  <testcase classname="test.CatalogoRecursosTest" name="testRemoveRecurso" time="0.005" />
  <testcase classname="test.CatalogoRecursosTest" name="testFindByNameCaseInsensitive" time="0.001" />
  <testcase classname="test.CatalogoRecursosTest" name="testMateriasPrecargadas" time="0.004" />
  <system-out><![CDATA[]]></system-out>
  <system-err><![CDATA[]]></system-err>
</testsuite>
